<?xml version="1.0" encoding="UTF-8"?>
<!-- Generated by org.testng.reporters.JUnitReportReporter -->
<testsuite hostname="WS-MGGVK77DXM" failures="0" tests="5" name="APITests" time="1.465" errors="0" timestamp="2023-10-08T21:55:50 CEST" skipped="0">
  <testcase classname="APITests" name="testElementTitles" time="0.855"/>
  <testcase classname="APITests" name="testResponseStatus" time="0.121"/>
  <testcase classname="APITests" name="testElementTypesAndURIs" time="0.148"/>
  <testcase classname="APITests" name="testSpecificElement" time="0.146"/>
  <testcase classname="APITests" name="testNumberOfElements" time="0.195"/>
</testsuite> <!-- APITests -->
